There are 30 section headers, starting at offset 0x3528:

Section Headers:
  [Nr] Name              Type             Address           Offset
       Size              EntSize          Flags  Link  Info  Align
  [ 0]                   NULL             0000000000000000  00000000
       0000000000000000  0000000000000000           0     0     0
  [ 1] .interp           PROGBITS         0000000000000318  00000318
       000000000000001c  0000000000000000   A       0     0     1
  [ 2] .note.gnu.pr[...] NOTE             0000000000000338  00000338
       0000000000000040  0000000000000000   A       0     0     8
  [ 3] .note.gnu.bu[...] NOTE             0000000000000378  00000378
       0000000000000024  0000000000000000   A       0     0     4
  [ 4] .note.ABI-tag     NOTE             000000000000039c  0000039c
       0000000000000020  0000000000000000   A       0     0     4
  [ 5] .gnu.hash         GNU_HASH         00000000000003c0  000003c0
       000000000000001c  0000000000000000   A       6     0     8
  [ 6] .dynsym           DYNSYM           00000000000003e0  000003e0
       00000000000000c0  0000000000000018   A       7     1     8
  [ 7] .dynstr           STRTAB           00000000000004a0  000004a0
       0000000000000094  0000000000000000   A       0     0     1
  [ 8] .gnu.version      VERSYM           0000000000000534  00000534
       0000000000000010  0000000000000002   A       6     0     2
  [ 9] .gnu.version_r    VERNEED          0000000000000548  00000548
       0000000000000030  0000000000000000   A       7     1     8
  [10] .rela.dyn         RELA             0000000000000578  00000578
       00000000000000c0  0000000000000018   A       6     0     8
  [11] .rela.plt         RELA             0000000000000638  00000638
       0000000000000030  0000000000000018  AI       6    23     8
  [12] .init             PROGBITS         0000000000001000  00001000
       000000000000001b  0000000000000000  AX       0     0     4
  [13] .plt              PROGBITS         0000000000001020  00001020
       0000000000000030  0000000000000010  AX       0     0     16
  [14] .text             PROGBITS         0000000000001050  00001050
       000000000000017c  0000000000000000  AX       0     0     16
  [15] .fini             PROGBITS         00000000000011cc  000011cc
       000000000000000d  0000000000000000  AX       0     0     4
  [16] .rodata           PROGBITS         0000000000002000  00002000
       0000000000000013  0000000000000000   A       0     0     4
  [17] .eh_frame_hdr     PROGBITS         0000000000002014  00002014
       000000000000002c  0000000000000000   A       0     0     4
  [18] .eh_frame         PROGBITS         0000000000002040  00002040
       000000000000009c  0000000000000000   A       0     0     8
  [19] .init_array       INIT_ARRAY       0000000000003dd0  00002dd0
       0000000000000008  0000000000000008  WA       0     0     8
  [20] .fini_array       FINI_ARRAY       0000000000003dd8  00002dd8
       0000000000000008  0000000000000008  WA       0     0     8
  [21] .dynamic          DYNAMIC          0000000000003de0  00002de0
       00000000000001e0  0000000000000010  WA       7     0     8
  [22] .got              PROGBITS         0000000000003fc0  00002fc0
       0000000000000028  0000000000000008  WA       0     0     8
  [23] .got.plt          PROGBITS         0000000000003fe8  00002fe8
       0000000000000028  0000000000000008  WA       0     0     8
  [24] .data             PROGBITS         0000000000004010  00003010
       0000000000000010  0000000000000000  WA       0     0     8
  [25] .bss              NOBITS           0000000000004020  00003020
       0000000000000008  0000000000000000  WA       0     0     1
  [26] .comment          PROGBITS         0000000000000000  00003020
       000000000000001b  0000000000000001  MS       0     0     1
  [27] .symtab           SYMTAB           0000000000000000  00003040
       0000000000000288  0000000000000018          28     7     8
  [28] .strtab           STRTAB           0000000000000000  000032c8
       000000000000014a  0000000000000000           0     0     1
  [29] .shstrtab         STRTAB           0000000000000000  00003412
       0000000000000116  0000000000000000           0     0     1
Key to Flags:
  W (write), A (alloc), X (execute), M (merge), S (strings), I (info),
  L (link order), O (extra OS processing required), G (group), T (TLS),
  C (compressed), x (unknown), o (OS specific), E (exclude),
  D (mbind), l (large), p (processor specific)
