0000000000004020 B __bss_start
0000000000001149 T checkpw
                 w __cxa_finalize@GLIBC_2.2.5
0000000000004010 D __data_start
0000000000004010 W data_start
0000000000004018 D __dso_handle
0000000000003de0 d _DYNAMIC
0000000000004020 D _edata
0000000000004028 B _end
00000000000011cc T _fini
0000000000003fe8 d _GLOBAL_OFFSET_TABLE_
                 w __gmon_start__
0000000000002014 r __GNU_EH_FRAME_HDR
0000000000001000 T _init
0000000000002000 R _IO_stdin_used
                 w _ITM_deregisterTMCloneTable
                 w _ITM_registerTMCloneTable
                 U __libc_start_main@GLIBC_2.34
000000000000117e T main
                 U puts@GLIBC_2.2.5
0000000000001050 T _start
                 U strcmp@GLIBC_2.2.5
0000000000004020 D __TMC_END__
